Determining if the pthread_create exist failed with the following output:
Change Dir: /home/xindong324/catkin_ws/src/offboard_sample/cmake-build-debug/CMakeFiles/CMakeTmp

Run Build Command(s):/usr/bin/make cmTC_c23ed/fast 
/usr/bin/make -f CMakeFiles/cmTC_c23ed.dir/build.make CMakeFiles/cmTC_c23ed.dir/build
make[1]: 进入目录“/home/xindong324/catkin_ws/src/offboard_sample/cmake-build-debug/CMakeFiles/CMakeTmp”
Building C object CMakeFiles/cmTC_c23ed.dir/CheckSymbolExists.c.o
/usr/bin/cc    -o CMakeFiles/cmTC_c23ed.dir/CheckSymbolExists.c.o   -c /home/xindong324/catkin_ws/src/offboard_sample/cmake-build-debug/CMakeFiles/CMakeTmp/CheckSymbolExists.c
Linking C executable cmTC_c23ed
/home/xindong324/clion-2019.2/bin/cmake/linux/bin/cmake -E cmake_link_script CMakeFiles/cmTC_c23ed.dir/link.txt --verbose=1
/usr/bin/cc      -rdynamic CMakeFiles/cmTC_c23ed.dir/CheckSymbolExists.c.o  -o cmTC_c23ed 
CMakeFiles/cmTC_c23ed.dir/CheckSymbolExists.c.o：在函数‘main’中：
CheckSymbolExists.c:(.text+0x1b)：对‘pthread_create’未定义的引用
collect2: error: ld returned 1 exit status
CMakeFiles/cmTC_c23ed.dir/build.make:86: recipe for target 'cmTC_c23ed' failed
make[1]: *** [cmTC_c23ed] Error 1
make[1]: 离开目录“/home/xindong324/catkin_ws/src/offboard_sample/cmake-build-debug/CMakeFiles/CMakeTmp”
Makefile:121: recipe for target 'cmTC_c23ed/fast' failed
make: *** [cmTC_c23ed/fast] Error 2

File /home/xindong324/catkin_ws/src/offboard_sample/cmake-build-debug/CMakeFiles/CMakeTmp/CheckSymbolExists.c:
/* */
#include <pthread.h>

int main(int argc, char** argv)
{
  (void)argv;
#ifndef pthread_create
  return ((int*)(&pthread_create))[argc];
#else
  (void)argc;
  return 0;
#endif
}

Determining if the function pthread_create exists in the pthreads failed with the following output:
Change Dir: /home/xindong324/catkin_ws/src/offboard_sample/cmake-build-debug/CMakeFiles/CMakeTmp

Run Build Command(s):/usr/bin/make cmTC_07047/fast 
/usr/bin/make -f CMakeFiles/cmTC_07047.dir/build.make CMakeFiles/cmTC_07047.dir/build
make[1]: 进入目录“/home/xindong324/catkin_ws/src/offboard_sample/cmake-build-debug/CMakeFiles/CMakeTmp”
Building C object CMakeFiles/cmTC_07047.dir/CheckFunctionExists.c.o
/usr/bin/cc   -DCHECK_FUNCTION_EXISTS=pthread_create   -o CMakeFiles/cmTC_07047.dir/CheckFunctionExists.c.o   -c /home/xindong324/clion-2019.2/bin/cmake/linux/share/cmake-3.14/Modules/CheckFunctionExists.c
Linking C executable cmTC_07047
/home/xindong324/clion-2019.2/bin/cmake/linux/bin/cmake -E cmake_link_script CMakeFiles/cmTC_07047.dir/link.txt --verbose=1
/usr/bin/cc  -DCHECK_FUNCTION_EXISTS=pthread_create    -rdynamic CMakeFiles/cmTC_07047.dir/CheckFunctionExists.c.o  -o cmTC_07047 -lpthreads 
/usr/bin/ld: 找不到 -lpthreads
collect2: error: ld returned 1 exit status
CMakeFiles/cmTC_07047.dir/build.make:86: recipe for target 'cmTC_07047' failed
make[1]: *** [cmTC_07047] Error 1
make[1]: 离开目录“/home/xindong324/catkin_ws/src/offboard_sample/cmake-build-debug/CMakeFiles/CMakeTmp”
Makefile:121: recipe for target 'cmTC_07047/fast' failed
make: *** [cmTC_07047/fast] Error 2


